pkg_config: checking for pkg-config for /home/th3mujd11/gitrepos/hack-the-art/vendor/bundle/ruby/3.4.0/gems/sqlite3-1.7.3/ports/x86_64-pc-linux-gnu/sqlite3/3.45.2/lib/pkgconfig/sqlite3.pc... -------------------- ["-I/home/th3mujd11/gitrepos/hack-the-art/vendor/bundle/ruby/3.4.0/gems/sqlite3-1.7.3/ports/x86_64-pc-linux-gnu/sqlite3/3.45.2/include ", "", "-lsqlite3"]

LD_LIBRARY_PATH=.:/usr/lib ASAN_OPTIONS=detect_leaks=0 pkg-config --exists /home/th3mujd11/gitrepos/hack-the-art/vendor/bundle/ruby/3.4.0/gems/sqlite3-1.7.3/ports/x86_64-pc-linux-gnu/sqlite3/3.45.2/lib/pkgconfig/sqlite3.pc
LD_LIBRARY_PATH=.:/usr/lib ASAN_OPTIONS=detect_leaks=0 pkg-config --libs /home/th3mujd11/gitrepos/hack-the-art/vendor/bundle/ruby/3.4.0/gems/sqlite3-1.7.3/ports/x86_64-pc-linux-gnu/sqlite3/3.45.2/lib/pkgconfig/sqlite3.pc |
=> "-lsqlite3\n"
LD_LIBRARY_PATH=.:/usr/lib ASAN_OPTIONS=detect_leaks=0 "gcc -o conftest -I/usr/include/ruby-3.4.0/x86_64-linux -I/usr/include/ruby-3.4.0/ruby/backward -I/usr/include/ruby-3.4.0 -I.    -march=x86-64 -mtune=generic -O2 -pipe -fno-plt -fexceptions         -Wp,-D_FORTIFY_SOURCE=2 -Wformat -Werror=format-security         -fstack-clash-protection -fcf-protection         -fno-omit-frame-pointer -mno-omit-leaf-frame-pointer -g -ffile-prefix-map=/build/ruby/src=/usr/src/debug/ruby -flto=auto -fPIC conftest.c -L. -L/usr/lib -L. -Wl,-O1 -Wl,--sort-common -Wl,--as-needed -Wl,-z,relro -Wl,-z,now          -Wl,-z,pack-relative-relocs -flto=auto -fstack-protector-strong -rdynamic -Wl,-export-dynamic -Wl,--no-as-needed     -lruby  -lm -lpthread  -lc"
checked program was:
/* begin */
1: #include "ruby.h"
2: 
3: int main(int argc, char **argv)
4: {
5:   return !!argv[argc];
6: }
/* end */

LD_LIBRARY_PATH=.:/usr/lib ASAN_OPTIONS=detect_leaks=0 "gcc -o conftest -I/usr/include/ruby-3.4.0/x86_64-linux -I/usr/include/ruby-3.4.0/ruby/backward -I/usr/include/ruby-3.4.0 -I.    -march=x86-64 -mtune=generic -O2 -pipe -fno-plt -fexceptions         -Wp,-D_FORTIFY_SOURCE=2 -Wformat -Werror=format-security         -fstack-clash-protection -fcf-protection         -fno-omit-frame-pointer -mno-omit-leaf-frame-pointer -g -ffile-prefix-map=/build/ruby/src=/usr/src/debug/ruby -flto=auto -fPIC conftest.c -L. -L/usr/lib -L. -Wl,-O1 -Wl,--sort-common -Wl,--as-needed -Wl,-z,relro -Wl,-z,now          -Wl,-z,pack-relative-relocs -flto=auto -fstack-protector-strong -rdynamic -Wl,-export-dynamic -Wl,--no-as-needed -lsqlite3    -lruby  -lm -lpthread  -lc"
checked program was:
/* begin */
1: #include "ruby.h"
2: 
3: int main(int argc, char **argv)
4: {
5:   return !!argv[argc];
6: }
/* end */

LD_LIBRARY_PATH=.:/usr/lib ASAN_OPTIONS=detect_leaks=0 pkg-config --cflags-only-I /home/th3mujd11/gitrepos/hack-the-art/vendor/bundle/ruby/3.4.0/gems/sqlite3-1.7.3/ports/x86_64-pc-linux-gnu/sqlite3/3.45.2/lib/pkgconfig/sqlite3.pc |
=> "-I/home/th3mujd11/gitrepos/hack-the-art/vendor/bundle/ruby/3.4.0/gems/sqlite3-1.7.3/ports/x86_64-pc-linux-gnu/sqlite3/3.45.2/include\n"
LD_LIBRARY_PATH=.:/usr/lib ASAN_OPTIONS=detect_leaks=0 pkg-config --cflags-only-other /home/th3mujd11/gitrepos/hack-the-art/vendor/bundle/ruby/3.4.0/gems/sqlite3-1.7.3/ports/x86_64-pc-linux-gnu/sqlite3/3.45.2/lib/pkgconfig/sqlite3.pc |
=> "\n"
LD_LIBRARY_PATH=.:/usr/lib ASAN_OPTIONS=detect_leaks=0 pkg-config --libs-only-l /home/th3mujd11/gitrepos/hack-the-art/vendor/bundle/ruby/3.4.0/gems/sqlite3-1.7.3/ports/x86_64-pc-linux-gnu/sqlite3/3.45.2/lib/pkgconfig/sqlite3.pc |
=> "-lsqlite3\n"
package configuration for /home/th3mujd11/gitrepos/hack-the-art/vendor/bundle/ruby/3.4.0/gems/sqlite3-1.7.3/ports/x86_64-pc-linux-gnu/sqlite3/3.45.2/lib/pkgconfig/sqlite3.pc
incflags: -I/home/th3mujd11/gitrepos/hack-the-art/vendor/bundle/ruby/3.4.0/gems/sqlite3-1.7.3/ports/x86_64-pc-linux-gnu/sqlite3/3.45.2/include
cflags: 
ldflags: 
libs: -lsqlite3

--------------------

LD_LIBRARY_PATH=.:/usr/lib ASAN_OPTIONS=detect_leaks=0 pkg-config --libs --static /home/th3mujd11/gitrepos/hack-the-art/vendor/bundle/ruby/3.4.0/gems/sqlite3-1.7.3/ports/x86_64-pc-linux-gnu/sqlite3/3.45.2/lib/pkgconfig/sqlite3.pc |
append_ldflags: checking for whether -L/home/th3mujd11/gitrepos/hack-the-art/vendor/bundle/ruby/3.4.0/gems/sqlite3-1.7.3/ports/x86_64-pc-linux-gnu/sqlite3/3.45.2/lib is accepted as LDFLAGS... -------------------- yes

LD_LIBRARY_PATH=.:/usr/lib ASAN_OPTIONS=detect_leaks=0 "gcc -o conftest -I/usr/include/ruby-3.4.0/x86_64-linux -I/usr/include/ruby-3.4.0/ruby/backward -I/usr/include/ruby-3.4.0 -I. -I/home/th3mujd11/gitrepos/hack-the-art/vendor/bundle/ruby/3.4.0/gems/sqlite3-1.7.3/ports/x86_64-pc-linux-gnu/sqlite3/3.45.2/include    -march=x86-64 -mtune=generic -O2 -pipe -fno-plt -fexceptions         -Wp,-D_FORTIFY_SOURCE=2 -Wformat -Werror=format-security         -fstack-clash-protection -fcf-protection         -fno-omit-frame-pointer -mno-omit-leaf-frame-pointer -g -ffile-prefix-map=/build/ruby/src=/usr/src/debug/ruby -flto=auto -fPIC  conftest.c -L. -L/usr/lib -L. -Wl,-O1 -Wl,--sort-common -Wl,--as-needed -Wl,-z,relro -Wl,-z,now          -Wl,-z,pack-relative-relocs -flto=auto -fstack-protector-strong -rdynamic -Wl,-export-dynamic -Wl,--no-as-needed  -L/home/th3mujd11/gitrepos/hack-the-art/vendor/bundle/ruby/3.4.0/gems/sqlite3-1.7.3/ports/x86_64-pc-linux-gnu/sqlite3/3.45.2/lib    -lsqlite3 -lruby  -lm -lpthread  -lc"
checked program was:
/* begin */
1: #include "ruby.h"
2: 
3: int main(int argc, char **argv)
4: {
5:   return !!argv[argc];
6: }
/* end */

--------------------

append_ldflags: checking for whether -lsqlite3 is accepted as LDFLAGS... -------------------- yes

LD_LIBRARY_PATH=.:/usr/lib ASAN_OPTIONS=detect_leaks=0 "gcc -o conftest -I/usr/include/ruby-3.4.0/x86_64-linux -I/usr/include/ruby-3.4.0/ruby/backward -I/usr/include/ruby-3.4.0 -I. -I/home/th3mujd11/gitrepos/hack-the-art/vendor/bundle/ruby/3.4.0/gems/sqlite3-1.7.3/ports/x86_64-pc-linux-gnu/sqlite3/3.45.2/include    -march=x86-64 -mtune=generic -O2 -pipe -fno-plt -fexceptions         -Wp,-D_FORTIFY_SOURCE=2 -Wformat -Werror=format-security         -fstack-clash-protection -fcf-protection         -fno-omit-frame-pointer -mno-omit-leaf-frame-pointer -g -ffile-prefix-map=/build/ruby/src=/usr/src/debug/ruby -flto=auto -fPIC  conftest.c -L. -L/usr/lib -L. -Wl,-O1 -Wl,--sort-common -Wl,--as-needed -Wl,-z,relro -Wl,-z,now          -Wl,-z,pack-relative-relocs -flto=auto -fstack-protector-strong -rdynamic -Wl,-export-dynamic -Wl,--no-as-needed  -L/home/th3mujd11/gitrepos/hack-the-art/vendor/bundle/ruby/3.4.0/gems/sqlite3-1.7.3/ports/x86_64-pc-linux-gnu/sqlite3/3.45.2/lib -lsqlite3    -lsqlite3 -lruby  -lm -lpthread  -lc"
checked program was:
/* begin */
1: #include "ruby.h"
2: 
3: int main(int argc, char **argv)
4: {
5:   return !!argv[argc];
6: }
/* end */

--------------------

append_ldflags: checking for whether -lz is accepted as LDFLAGS... -------------------- yes

LD_LIBRARY_PATH=.:/usr/lib ASAN_OPTIONS=detect_leaks=0 "gcc -o conftest -I/usr/include/ruby-3.4.0/x86_64-linux -I/usr/include/ruby-3.4.0/ruby/backward -I/usr/include/ruby-3.4.0 -I. -I/home/th3mujd11/gitrepos/hack-the-art/vendor/bundle/ruby/3.4.0/gems/sqlite3-1.7.3/ports/x86_64-pc-linux-gnu/sqlite3/3.45.2/include    -march=x86-64 -mtune=generic -O2 -pipe -fno-plt -fexceptions         -Wp,-D_FORTIFY_SOURCE=2 -Wformat -Werror=format-security         -fstack-clash-protection -fcf-protection         -fno-omit-frame-pointer -mno-omit-leaf-frame-pointer -g -ffile-prefix-map=/build/ruby/src=/usr/src/debug/ruby -flto=auto -fPIC  conftest.c -L. -L/usr/lib -L. -Wl,-O1 -Wl,--sort-common -Wl,--as-needed -Wl,-z,relro -Wl,-z,now          -Wl,-z,pack-relative-relocs -flto=auto -fstack-protector-strong -rdynamic -Wl,-export-dynamic -Wl,--no-as-needed  -L/home/th3mujd11/gitrepos/hack-the-art/vendor/bundle/ruby/3.4.0/gems/sqlite3-1.7.3/ports/x86_64-pc-linux-gnu/sqlite3/3.45.2/lib -lsqlite3 -lz    -lsqlite3 -lruby  -lm -lpthread  -lc"
checked program was:
/* begin */
1: #include "ruby.h"
2: 
3: int main(int argc, char **argv)
4: {
5:   return !!argv[argc];
6: }
/* end */

--------------------

append_ldflags: checking for whether -lm is accepted as LDFLAGS... -------------------- yes

LD_LIBRARY_PATH=.:/usr/lib ASAN_OPTIONS=detect_leaks=0 "gcc -o conftest -I/usr/include/ruby-3.4.0/x86_64-linux -I/usr/include/ruby-3.4.0/ruby/backward -I/usr/include/ruby-3.4.0 -I. -I/home/th3mujd11/gitrepos/hack-the-art/vendor/bundle/ruby/3.4.0/gems/sqlite3-1.7.3/ports/x86_64-pc-linux-gnu/sqlite3/3.45.2/include    -march=x86-64 -mtune=generic -O2 -pipe -fno-plt -fexceptions         -Wp,-D_FORTIFY_SOURCE=2 -Wformat -Werror=format-security         -fstack-clash-protection -fcf-protection         -fno-omit-frame-pointer -mno-omit-leaf-frame-pointer -g -ffile-prefix-map=/build/ruby/src=/usr/src/debug/ruby -flto=auto -fPIC  conftest.c -L. -L/usr/lib -L. -Wl,-O1 -Wl,--sort-common -Wl,--as-needed -Wl,-z,relro -Wl,-z,now          -Wl,-z,pack-relative-relocs -flto=auto -fstack-protector-strong -rdynamic -Wl,-export-dynamic -Wl,--no-as-needed  -L/home/th3mujd11/gitrepos/hack-the-art/vendor/bundle/ruby/3.4.0/gems/sqlite3-1.7.3/ports/x86_64-pc-linux-gnu/sqlite3/3.45.2/lib -lsqlite3 -lz -lm    -lsqlite3 -lruby  -lm -lpthread  -lc"
checked program was:
/* begin */
1: #include "ruby.h"
2: 
3: int main(int argc, char **argv)
4: {
5:   return !!argv[argc];
6: }
/* end */

--------------------

append_cflags: checking for whether -fvisibility=hidden is accepted as CFLAGS... -------------------- yes

LD_LIBRARY_PATH=.:/usr/lib ASAN_OPTIONS=detect_leaks=0 "gcc -I/usr/include/ruby-3.4.0/x86_64-linux -I/usr/include/ruby-3.4.0/ruby/backward -I/usr/include/ruby-3.4.0 -I. -I/home/th3mujd11/gitrepos/hack-the-art/vendor/bundle/ruby/3.4.0/gems/sqlite3-1.7.3/ports/x86_64-pc-linux-gnu/sqlite3/3.45.2/include    -march=x86-64 -mtune=generic -O2 -pipe -fno-plt -fexceptions         -Wp,-D_FORTIFY_SOURCE=2 -Wformat -Werror=format-security         -fstack-clash-protection -fcf-protection         -fno-omit-frame-pointer -mno-omit-leaf-frame-pointer -g -ffile-prefix-map=/build/ruby/src=/usr/src/debug/ruby -flto=auto -fPIC   -fvisibility=hidden -Werror -c conftest.c"
checked program was:
/* begin */
1: #include "ruby.h"
2: 
3: int main(int argc, char **argv)
4: {
5:   return !!argv[argc];
6: }
/* end */

--------------------

find_header: checking for sqlite3.h... -------------------- yes

LD_LIBRARY_PATH=.:/usr/lib ASAN_OPTIONS=detect_leaks=0 "gcc -I/usr/include/ruby-3.4.0/x86_64-linux -I/usr/include/ruby-3.4.0/ruby/backward -I/usr/include/ruby-3.4.0 -I. -I/home/th3mujd11/gitrepos/hack-the-art/vendor/bundle/ruby/3.4.0/gems/sqlite3-1.7.3/ports/x86_64-pc-linux-gnu/sqlite3/3.45.2/include    -march=x86-64 -mtune=generic -O2 -pipe -fno-plt -fexceptions         -Wp,-D_FORTIFY_SOURCE=2 -Wformat -Werror=format-security         -fstack-clash-protection -fcf-protection         -fno-omit-frame-pointer -mno-omit-leaf-frame-pointer -g -ffile-prefix-map=/build/ruby/src=/usr/src/debug/ruby -flto=auto -fPIC  -fvisibility=hidden   -c conftest.c"
checked program was:
/* begin */
1: #include "ruby.h"
2: 
3: #include <sqlite3.h>
/* end */

--------------------

find_library: checking for sqlite3_libversion_number() in -lsqlite3... -------------------- yes

LD_LIBRARY_PATH=.:/usr/lib ASAN_OPTIONS=detect_leaks=0 "gcc -o conftest -I/usr/include/ruby-3.4.0/x86_64-linux -I/usr/include/ruby-3.4.0/ruby/backward -I/usr/include/ruby-3.4.0 -I. -I/home/th3mujd11/gitrepos/hack-the-art/vendor/bundle/ruby/3.4.0/gems/sqlite3-1.7.3/ports/x86_64-pc-linux-gnu/sqlite3/3.45.2/include    -march=x86-64 -mtune=generic -O2 -pipe -fno-plt -fexceptions         -Wp,-D_FORTIFY_SOURCE=2 -Wformat -Werror=format-security         -fstack-clash-protection -fcf-protection         -fno-omit-frame-pointer -mno-omit-leaf-frame-pointer -g -ffile-prefix-map=/build/ruby/src=/usr/src/debug/ruby -flto=auto -fPIC  -fvisibility=hidden conftest.c -L. -L/usr/lib -L. -Wl,-O1 -Wl,--sort-common -Wl,--as-needed -Wl,-z,relro -Wl,-z,now          -Wl,-z,pack-relative-relocs -flto=auto -fstack-protector-strong -rdynamic -Wl,-export-dynamic -Wl,--no-as-needed  -L/home/th3mujd11/gitrepos/hack-the-art/vendor/bundle/ruby/3.4.0/gems/sqlite3-1.7.3/ports/x86_64-pc-linux-gnu/sqlite3/3.45.2/lib -lsqlite3 -lz -lm     -lsqlite3 -lruby -lsqlite3  -lsqlite3 -lm -lpthread  -lc"
conftest.c: In function ‘t’:
conftest.c:14:57: error: ‘sqlite3_libversion_number’ undeclared (first use in this function)
   14 | int t(void) { void ((*volatile p)()); p = (void ((*)()))sqlite3_libversion_number; return !p; }
      |                                                         ^~~~~~~~~~~~~~~~~~~~~~~~~
conftest.c:14:57: note: each undeclared identifier is reported only once for each function it appears in
checked program was:
/* begin */
 1: #include "ruby.h"
 2: 
 3: /*top*/
 4: extern int t(void);
 5: int main(int argc, char **argv)
 6: {
 7:   if (argc > 1000000) {
 8:     int (* volatile tp)(void)=(int (*)(void))&t;
 9:     printf("%d", (*tp)());
10:   }
11: 
12:   return !!argv[argc];
13: }
14: int t(void) { void ((*volatile p)()); p = (void ((*)()))sqlite3_libversion_number; return !p; }
/* end */

LD_LIBRARY_PATH=.:/usr/lib ASAN_OPTIONS=detect_leaks=0 "gcc -o conftest -I/usr/include/ruby-3.4.0/x86_64-linux -I/usr/include/ruby-3.4.0/ruby/backward -I/usr/include/ruby-3.4.0 -I. -I/home/th3mujd11/gitrepos/hack-the-art/vendor/bundle/ruby/3.4.0/gems/sqlite3-1.7.3/ports/x86_64-pc-linux-gnu/sqlite3/3.45.2/include    -march=x86-64 -mtune=generic -O2 -pipe -fno-plt -fexceptions         -Wp,-D_FORTIFY_SOURCE=2 -Wformat -Werror=format-security         -fstack-clash-protection -fcf-protection         -fno-omit-frame-pointer -mno-omit-leaf-frame-pointer -g -ffile-prefix-map=/build/ruby/src=/usr/src/debug/ruby -flto=auto -fPIC  -fvisibility=hidden conftest.c -L. -L/usr/lib -L. -Wl,-O1 -Wl,--sort-common -Wl,--as-needed -Wl,-z,relro -Wl,-z,now          -Wl,-z,pack-relative-relocs -flto=auto -fstack-protector-strong -rdynamic -Wl,-export-dynamic -Wl,--no-as-needed  -L/home/th3mujd11/gitrepos/hack-the-art/vendor/bundle/ruby/3.4.0/gems/sqlite3-1.7.3/ports/x86_64-pc-linux-gnu/sqlite3/3.45.2/lib -lsqlite3 -lz -lm     -lsqlite3 -lruby -lsqlite3  -lsqlite3 -lm -lpthread  -lc"
checked program was:
/* begin */
 1: #include "ruby.h"
 2: 
 3: /*top*/
 4: extern int t(void);
 5: int main(int argc, char **argv)
 6: {
 7:   if (argc > 1000000) {
 8:     int (* volatile tp)(void)=(int (*)(void))&t;
 9:     printf("%d", (*tp)());
10:   }
11: 
12:   return !!argv[argc];
13: }
14: extern void sqlite3_libversion_number();
15: int t(void) { sqlite3_libversion_number(); return 0; }
/* end */

--------------------

have_func: checking for rb_proc_arity()... -------------------- yes

LD_LIBRARY_PATH=.:/usr/lib ASAN_OPTIONS=detect_leaks=0 "gcc -o conftest -I/usr/include/ruby-3.4.0/x86_64-linux -I/usr/include/ruby-3.4.0/ruby/backward -I/usr/include/ruby-3.4.0 -I. -I/home/th3mujd11/gitrepos/hack-the-art/vendor/bundle/ruby/3.4.0/gems/sqlite3-1.7.3/ports/x86_64-pc-linux-gnu/sqlite3/3.45.2/include    -march=x86-64 -mtune=generic -O2 -pipe -fno-plt -fexceptions         -Wp,-D_FORTIFY_SOURCE=2 -Wformat -Werror=format-security         -fstack-clash-protection -fcf-protection         -fno-omit-frame-pointer -mno-omit-leaf-frame-pointer -g -ffile-prefix-map=/build/ruby/src=/usr/src/debug/ruby -flto=auto -fPIC  -fvisibility=hidden conftest.c -L. -L/usr/lib -L. -Wl,-O1 -Wl,--sort-common -Wl,--as-needed -Wl,-z,relro -Wl,-z,now          -Wl,-z,pack-relative-relocs -flto=auto -fstack-protector-strong -rdynamic -Wl,-export-dynamic -Wl,--no-as-needed  -L/home/th3mujd11/gitrepos/hack-the-art/vendor/bundle/ruby/3.4.0/gems/sqlite3-1.7.3/ports/x86_64-pc-linux-gnu/sqlite3/3.45.2/lib -lsqlite3 -lz -lm    -lsqlite3  -lsqlite3 -lruby -lsqlite3  -lsqlite3 -lm -lpthread  -lc"
checked program was:
/* begin */
 1: #include "ruby.h"
 2: 
 3: /*top*/
 4: extern int t(void);
 5: int main(int argc, char **argv)
 6: {
 7:   if (argc > 1000000) {
 8:     int (* volatile tp)(void)=(int (*)(void))&t;
 9:     printf("%d", (*tp)());
10:   }
11: 
12:   return !!argv[argc];
13: }
14: int t(void) { void ((*volatile p)()); p = (void ((*)()))rb_proc_arity; return !p; }
/* end */

--------------------

have_func: checking for rb_integer_pack()... -------------------- yes

LD_LIBRARY_PATH=.:/usr/lib ASAN_OPTIONS=detect_leaks=0 "gcc -o conftest -I/usr/include/ruby-3.4.0/x86_64-linux -I/usr/include/ruby-3.4.0/ruby/backward -I/usr/include/ruby-3.4.0 -I. -I/home/th3mujd11/gitrepos/hack-the-art/vendor/bundle/ruby/3.4.0/gems/sqlite3-1.7.3/ports/x86_64-pc-linux-gnu/sqlite3/3.45.2/include    -march=x86-64 -mtune=generic -O2 -pipe -fno-plt -fexceptions         -Wp,-D_FORTIFY_SOURCE=2 -Wformat -Werror=format-security         -fstack-clash-protection -fcf-protection         -fno-omit-frame-pointer -mno-omit-leaf-frame-pointer -g -ffile-prefix-map=/build/ruby/src=/usr/src/debug/ruby -flto=auto -fPIC  -fvisibility=hidden conftest.c -L. -L/usr/lib -L. -Wl,-O1 -Wl,--sort-common -Wl,--as-needed -Wl,-z,relro -Wl,-z,now          -Wl,-z,pack-relative-relocs -flto=auto -fstack-protector-strong -rdynamic -Wl,-export-dynamic -Wl,--no-as-needed  -L/home/th3mujd11/gitrepos/hack-the-art/vendor/bundle/ruby/3.4.0/gems/sqlite3-1.7.3/ports/x86_64-pc-linux-gnu/sqlite3/3.45.2/lib -lsqlite3 -lz -lm    -lsqlite3  -lsqlite3 -lruby -lsqlite3  -lsqlite3 -lm -lpthread  -lc"
checked program was:
/* begin */
 1: #include "ruby.h"
 2: 
 3: /*top*/
 4: extern int t(void);
 5: int main(int argc, char **argv)
 6: {
 7:   if (argc > 1000000) {
 8:     int (* volatile tp)(void)=(int (*)(void))&t;
 9:     printf("%d", (*tp)());
10:   }
11: 
12:   return !!argv[argc];
13: }
14: int t(void) { void ((*volatile p)()); p = (void ((*)()))rb_integer_pack; return !p; }
/* end */

--------------------

have_func: checking for sqlite3_initialize()... -------------------- yes

LD_LIBRARY_PATH=.:/usr/lib ASAN_OPTIONS=detect_leaks=0 "gcc -o conftest -I/usr/include/ruby-3.4.0/x86_64-linux -I/usr/include/ruby-3.4.0/ruby/backward -I/usr/include/ruby-3.4.0 -I. -I/home/th3mujd11/gitrepos/hack-the-art/vendor/bundle/ruby/3.4.0/gems/sqlite3-1.7.3/ports/x86_64-pc-linux-gnu/sqlite3/3.45.2/include    -march=x86-64 -mtune=generic -O2 -pipe -fno-plt -fexceptions         -Wp,-D_FORTIFY_SOURCE=2 -Wformat -Werror=format-security         -fstack-clash-protection -fcf-protection         -fno-omit-frame-pointer -mno-omit-leaf-frame-pointer -g -ffile-prefix-map=/build/ruby/src=/usr/src/debug/ruby -flto=auto -fPIC  -fvisibility=hidden conftest.c -L. -L/usr/lib -L. -Wl,-O1 -Wl,--sort-common -Wl,--as-needed -Wl,-z,relro -Wl,-z,now          -Wl,-z,pack-relative-relocs -flto=auto -fstack-protector-strong -rdynamic -Wl,-export-dynamic -Wl,--no-as-needed  -L/home/th3mujd11/gitrepos/hack-the-art/vendor/bundle/ruby/3.4.0/gems/sqlite3-1.7.3/ports/x86_64-pc-linux-gnu/sqlite3/3.45.2/lib -lsqlite3 -lz -lm    -lsqlite3  -lsqlite3 -lruby -lsqlite3  -lsqlite3 -lm -lpthread  -lc"
conftest.c: In function ‘t’:
conftest.c:14:57: error: ‘sqlite3_initialize’ undeclared (first use in this function)
   14 | int t(void) { void ((*volatile p)()); p = (void ((*)()))sqlite3_initialize; return !p; }
      |                                                         ^~~~~~~~~~~~~~~~~~
conftest.c:14:57: note: each undeclared identifier is reported only once for each function it appears in
checked program was:
/* begin */
 1: #include "ruby.h"
 2: 
 3: /*top*/
 4: extern int t(void);
 5: int main(int argc, char **argv)
 6: {
 7:   if (argc > 1000000) {
 8:     int (* volatile tp)(void)=(int (*)(void))&t;
 9:     printf("%d", (*tp)());
10:   }
11: 
12:   return !!argv[argc];
13: }
14: int t(void) { void ((*volatile p)()); p = (void ((*)()))sqlite3_initialize; return !p; }
/* end */

LD_LIBRARY_PATH=.:/usr/lib ASAN_OPTIONS=detect_leaks=0 "gcc -o conftest -I/usr/include/ruby-3.4.0/x86_64-linux -I/usr/include/ruby-3.4.0/ruby/backward -I/usr/include/ruby-3.4.0 -I. -I/home/th3mujd11/gitrepos/hack-the-art/vendor/bundle/ruby/3.4.0/gems/sqlite3-1.7.3/ports/x86_64-pc-linux-gnu/sqlite3/3.45.2/include    -march=x86-64 -mtune=generic -O2 -pipe -fno-plt -fexceptions         -Wp,-D_FORTIFY_SOURCE=2 -Wformat -Werror=format-security         -fstack-clash-protection -fcf-protection         -fno-omit-frame-pointer -mno-omit-leaf-frame-pointer -g -ffile-prefix-map=/build/ruby/src=/usr/src/debug/ruby -flto=auto -fPIC  -fvisibility=hidden conftest.c -L. -L/usr/lib -L. -Wl,-O1 -Wl,--sort-common -Wl,--as-needed -Wl,-z,relro -Wl,-z,now          -Wl,-z,pack-relative-relocs -flto=auto -fstack-protector-strong -rdynamic -Wl,-export-dynamic -Wl,--no-as-needed  -L/home/th3mujd11/gitrepos/hack-the-art/vendor/bundle/ruby/3.4.0/gems/sqlite3-1.7.3/ports/x86_64-pc-linux-gnu/sqlite3/3.45.2/lib -lsqlite3 -lz -lm    -lsqlite3  -lsqlite3 -lruby -lsqlite3  -lsqlite3 -lm -lpthread  -lc"
checked program was:
/* begin */
 1: #include "ruby.h"
 2: 
 3: /*top*/
 4: extern int t(void);
 5: int main(int argc, char **argv)
 6: {
 7:   if (argc > 1000000) {
 8:     int (* volatile tp)(void)=(int (*)(void))&t;
 9:     printf("%d", (*tp)());
10:   }
11: 
12:   return !!argv[argc];
13: }
14: extern void sqlite3_initialize();
15: int t(void) { sqlite3_initialize(); return 0; }
/* end */

--------------------

have_func: checking for sqlite3_backup_init()... -------------------- yes

LD_LIBRARY_PATH=.:/usr/lib ASAN_OPTIONS=detect_leaks=0 "gcc -o conftest -I/usr/include/ruby-3.4.0/x86_64-linux -I/usr/include/ruby-3.4.0/ruby/backward -I/usr/include/ruby-3.4.0 -I. -I/home/th3mujd11/gitrepos/hack-the-art/vendor/bundle/ruby/3.4.0/gems/sqlite3-1.7.3/ports/x86_64-pc-linux-gnu/sqlite3/3.45.2/include    -march=x86-64 -mtune=generic -O2 -pipe -fno-plt -fexceptions         -Wp,-D_FORTIFY_SOURCE=2 -Wformat -Werror=format-security         -fstack-clash-protection -fcf-protection         -fno-omit-frame-pointer -mno-omit-leaf-frame-pointer -g -ffile-prefix-map=/build/ruby/src=/usr/src/debug/ruby -flto=auto -fPIC  -fvisibility=hidden conftest.c -L. -L/usr/lib -L. -Wl,-O1 -Wl,--sort-common -Wl,--as-needed -Wl,-z,relro -Wl,-z,now          -Wl,-z,pack-relative-relocs -flto=auto -fstack-protector-strong -rdynamic -Wl,-export-dynamic -Wl,--no-as-needed  -L/home/th3mujd11/gitrepos/hack-the-art/vendor/bundle/ruby/3.4.0/gems/sqlite3-1.7.3/ports/x86_64-pc-linux-gnu/sqlite3/3.45.2/lib -lsqlite3 -lz -lm    -lsqlite3  -lsqlite3 -lruby -lsqlite3  -lsqlite3 -lm -lpthread  -lc"
conftest.c: In function ‘t’:
conftest.c:14:57: error: ‘sqlite3_backup_init’ undeclared (first use in this function)
   14 | int t(void) { void ((*volatile p)()); p = (void ((*)()))sqlite3_backup_init; return !p; }
      |                                                         ^~~~~~~~~~~~~~~~~~~
conftest.c:14:57: note: each undeclared identifier is reported only once for each function it appears in
checked program was:
/* begin */
 1: #include "ruby.h"
 2: 
 3: /*top*/
 4: extern int t(void);
 5: int main(int argc, char **argv)
 6: {
 7:   if (argc > 1000000) {
 8:     int (* volatile tp)(void)=(int (*)(void))&t;
 9:     printf("%d", (*tp)());
10:   }
11: 
12:   return !!argv[argc];
13: }
14: int t(void) { void ((*volatile p)()); p = (void ((*)()))sqlite3_backup_init; return !p; }
/* end */

LD_LIBRARY_PATH=.:/usr/lib ASAN_OPTIONS=detect_leaks=0 "gcc -o conftest -I/usr/include/ruby-3.4.0/x86_64-linux -I/usr/include/ruby-3.4.0/ruby/backward -I/usr/include/ruby-3.4.0 -I. -I/home/th3mujd11/gitrepos/hack-the-art/vendor/bundle/ruby/3.4.0/gems/sqlite3-1.7.3/ports/x86_64-pc-linux-gnu/sqlite3/3.45.2/include    -march=x86-64 -mtune=generic -O2 -pipe -fno-plt -fexceptions         -Wp,-D_FORTIFY_SOURCE=2 -Wformat -Werror=format-security         -fstack-clash-protection -fcf-protection         -fno-omit-frame-pointer -mno-omit-leaf-frame-pointer -g -ffile-prefix-map=/build/ruby/src=/usr/src/debug/ruby -flto=auto -fPIC  -fvisibility=hidden conftest.c -L. -L/usr/lib -L. -Wl,-O1 -Wl,--sort-common -Wl,--as-needed -Wl,-z,relro -Wl,-z,now          -Wl,-z,pack-relative-relocs -flto=auto -fstack-protector-strong -rdynamic -Wl,-export-dynamic -Wl,--no-as-needed  -L/home/th3mujd11/gitrepos/hack-the-art/vendor/bundle/ruby/3.4.0/gems/sqlite3-1.7.3/ports/x86_64-pc-linux-gnu/sqlite3/3.45.2/lib -lsqlite3 -lz -lm    -lsqlite3  -lsqlite3 -lruby -lsqlite3  -lsqlite3 -lm -lpthread  -lc"
checked program was:
/* begin */
 1: #include "ruby.h"
 2: 
 3: /*top*/
 4: extern int t(void);
 5: int main(int argc, char **argv)
 6: {
 7:   if (argc > 1000000) {
 8:     int (* volatile tp)(void)=(int (*)(void))&t;
 9:     printf("%d", (*tp)());
10:   }
11: 
12:   return !!argv[argc];
13: }
14: extern void sqlite3_backup_init();
15: int t(void) { sqlite3_backup_init(); return 0; }
/* end */

--------------------

have_func: checking for sqlite3_column_database_name()... -------------------- yes

LD_LIBRARY_PATH=.:/usr/lib ASAN_OPTIONS=detect_leaks=0 "gcc -o conftest -I/usr/include/ruby-3.4.0/x86_64-linux -I/usr/include/ruby-3.4.0/ruby/backward -I/usr/include/ruby-3.4.0 -I. -I/home/th3mujd11/gitrepos/hack-the-art/vendor/bundle/ruby/3.4.0/gems/sqlite3-1.7.3/ports/x86_64-pc-linux-gnu/sqlite3/3.45.2/include    -march=x86-64 -mtune=generic -O2 -pipe -fno-plt -fexceptions         -Wp,-D_FORTIFY_SOURCE=2 -Wformat -Werror=format-security         -fstack-clash-protection -fcf-protection         -fno-omit-frame-pointer -mno-omit-leaf-frame-pointer -g -ffile-prefix-map=/build/ruby/src=/usr/src/debug/ruby -flto=auto -fPIC  -fvisibility=hidden conftest.c -L. -L/usr/lib -L. -Wl,-O1 -Wl,--sort-common -Wl,--as-needed -Wl,-z,relro -Wl,-z,now          -Wl,-z,pack-relative-relocs -flto=auto -fstack-protector-strong -rdynamic -Wl,-export-dynamic -Wl,--no-as-needed  -L/home/th3mujd11/gitrepos/hack-the-art/vendor/bundle/ruby/3.4.0/gems/sqlite3-1.7.3/ports/x86_64-pc-linux-gnu/sqlite3/3.45.2/lib -lsqlite3 -lz -lm    -lsqlite3  -lsqlite3 -lruby -lsqlite3  -lsqlite3 -lm -lpthread  -lc"
conftest.c: In function ‘t’:
conftest.c:14:57: error: ‘sqlite3_column_database_name’ undeclared (first use in this function)
   14 | int t(void) { void ((*volatile p)()); p = (void ((*)()))sqlite3_column_database_name; return !p; }
      |                                                         ^~~~~~~~~~~~~~~~~~~~~~~~~~~~
conftest.c:14:57: note: each undeclared identifier is reported only once for each function it appears in
checked program was:
/* begin */
 1: #include "ruby.h"
 2: 
 3: /*top*/
 4: extern int t(void);
 5: int main(int argc, char **argv)
 6: {
 7:   if (argc > 1000000) {
 8:     int (* volatile tp)(void)=(int (*)(void))&t;
 9:     printf("%d", (*tp)());
10:   }
11: 
12:   return !!argv[argc];
13: }
14: int t(void) { void ((*volatile p)()); p = (void ((*)()))sqlite3_column_database_name; return !p; }
/* end */

LD_LIBRARY_PATH=.:/usr/lib ASAN_OPTIONS=detect_leaks=0 "gcc -o conftest -I/usr/include/ruby-3.4.0/x86_64-linux -I/usr/include/ruby-3.4.0/ruby/backward -I/usr/include/ruby-3.4.0 -I. -I/home/th3mujd11/gitrepos/hack-the-art/vendor/bundle/ruby/3.4.0/gems/sqlite3-1.7.3/ports/x86_64-pc-linux-gnu/sqlite3/3.45.2/include    -march=x86-64 -mtune=generic -O2 -pipe -fno-plt -fexceptions         -Wp,-D_FORTIFY_SOURCE=2 -Wformat -Werror=format-security         -fstack-clash-protection -fcf-protection         -fno-omit-frame-pointer -mno-omit-leaf-frame-pointer -g -ffile-prefix-map=/build/ruby/src=/usr/src/debug/ruby -flto=auto -fPIC  -fvisibility=hidden conftest.c -L. -L/usr/lib -L. -Wl,-O1 -Wl,--sort-common -Wl,--as-needed -Wl,-z,relro -Wl,-z,now          -Wl,-z,pack-relative-relocs -flto=auto -fstack-protector-strong -rdynamic -Wl,-export-dynamic -Wl,--no-as-needed  -L/home/th3mujd11/gitrepos/hack-the-art/vendor/bundle/ruby/3.4.0/gems/sqlite3-1.7.3/ports/x86_64-pc-linux-gnu/sqlite3/3.45.2/lib -lsqlite3 -lz -lm    -lsqlite3  -lsqlite3 -lruby -lsqlite3  -lsqlite3 -lm -lpthread  -lc"
checked program was:
/* begin */
 1: #include "ruby.h"
 2: 
 3: /*top*/
 4: extern int t(void);
 5: int main(int argc, char **argv)
 6: {
 7:   if (argc > 1000000) {
 8:     int (* volatile tp)(void)=(int (*)(void))&t;
 9:     printf("%d", (*tp)());
10:   }
11: 
12:   return !!argv[argc];
13: }
14: extern void sqlite3_column_database_name();
15: int t(void) { sqlite3_column_database_name(); return 0; }
/* end */

--------------------

have_func: checking for sqlite3_enable_load_extension()... -------------------- yes

LD_LIBRARY_PATH=.:/usr/lib ASAN_OPTIONS=detect_leaks=0 "gcc -o conftest -I/usr/include/ruby-3.4.0/x86_64-linux -I/usr/include/ruby-3.4.0/ruby/backward -I/usr/include/ruby-3.4.0 -I. -I/home/th3mujd11/gitrepos/hack-the-art/vendor/bundle/ruby/3.4.0/gems/sqlite3-1.7.3/ports/x86_64-pc-linux-gnu/sqlite3/3.45.2/include    -march=x86-64 -mtune=generic -O2 -pipe -fno-plt -fexceptions         -Wp,-D_FORTIFY_SOURCE=2 -Wformat -Werror=format-security         -fstack-clash-protection -fcf-protection         -fno-omit-frame-pointer -mno-omit-leaf-frame-pointer -g -ffile-prefix-map=/build/ruby/src=/usr/src/debug/ruby -flto=auto -fPIC  -fvisibility=hidden conftest.c -L. -L/usr/lib -L. -Wl,-O1 -Wl,--sort-common -Wl,--as-needed -Wl,-z,relro -Wl,-z,now          -Wl,-z,pack-relative-relocs -flto=auto -fstack-protector-strong -rdynamic -Wl,-export-dynamic -Wl,--no-as-needed  -L/home/th3mujd11/gitrepos/hack-the-art/vendor/bundle/ruby/3.4.0/gems/sqlite3-1.7.3/ports/x86_64-pc-linux-gnu/sqlite3/3.45.2/lib -lsqlite3 -lz -lm    -lsqlite3  -lsqlite3 -lruby -lsqlite3  -lsqlite3 -lm -lpthread  -lc"
conftest.c: In function ‘t’:
conftest.c:14:57: error: ‘sqlite3_enable_load_extension’ undeclared (first use in this function)
   14 | int t(void) { void ((*volatile p)()); p = (void ((*)()))sqlite3_enable_load_extension; return !p; }
      |                                                         ^~~~~~~~~~~~~~~~~~~~~~~~~~~~~
conftest.c:14:57: note: each undeclared identifier is reported only once for each function it appears in
checked program was:
/* begin */
 1: #include "ruby.h"
 2: 
 3: /*top*/
 4: extern int t(void);
 5: int main(int argc, char **argv)
 6: {
 7:   if (argc > 1000000) {
 8:     int (* volatile tp)(void)=(int (*)(void))&t;
 9:     printf("%d", (*tp)());
10:   }
11: 
12:   return !!argv[argc];
13: }
14: int t(void) { void ((*volatile p)()); p = (void ((*)()))sqlite3_enable_load_extension; return !p; }
/* end */

LD_LIBRARY_PATH=.:/usr/lib ASAN_OPTIONS=detect_leaks=0 "gcc -o conftest -I/usr/include/ruby-3.4.0/x86_64-linux -I/usr/include/ruby-3.4.0/ruby/backward -I/usr/include/ruby-3.4.0 -I. -I/home/th3mujd11/gitrepos/hack-the-art/vendor/bundle/ruby/3.4.0/gems/sqlite3-1.7.3/ports/x86_64-pc-linux-gnu/sqlite3/3.45.2/include    -march=x86-64 -mtune=generic -O2 -pipe -fno-plt -fexceptions         -Wp,-D_FORTIFY_SOURCE=2 -Wformat -Werror=format-security         -fstack-clash-protection -fcf-protection         -fno-omit-frame-pointer -mno-omit-leaf-frame-pointer -g -ffile-prefix-map=/build/ruby/src=/usr/src/debug/ruby -flto=auto -fPIC  -fvisibility=hidden conftest.c -L. -L/usr/lib -L. -Wl,-O1 -Wl,--sort-common -Wl,--as-needed -Wl,-z,relro -Wl,-z,now          -Wl,-z,pack-relative-relocs -flto=auto -fstack-protector-strong -rdynamic -Wl,-export-dynamic -Wl,--no-as-needed  -L/home/th3mujd11/gitrepos/hack-the-art/vendor/bundle/ruby/3.4.0/gems/sqlite3-1.7.3/ports/x86_64-pc-linux-gnu/sqlite3/3.45.2/lib -lsqlite3 -lz -lm    -lsqlite3  -lsqlite3 -lruby -lsqlite3  -lsqlite3 -lm -lpthread  -lc"
checked program was:
/* begin */
 1: #include "ruby.h"
 2: 
 3: /*top*/
 4: extern int t(void);
 5: int main(int argc, char **argv)
 6: {
 7:   if (argc > 1000000) {
 8:     int (* volatile tp)(void)=(int (*)(void))&t;
 9:     printf("%d", (*tp)());
10:   }
11: 
12:   return !!argv[argc];
13: }
14: extern void sqlite3_enable_load_extension();
15: int t(void) { sqlite3_enable_load_extension(); return 0; }
/* end */

--------------------

have_func: checking for sqlite3_load_extension()... -------------------- yes

LD_LIBRARY_PATH=.:/usr/lib ASAN_OPTIONS=detect_leaks=0 "gcc -o conftest -I/usr/include/ruby-3.4.0/x86_64-linux -I/usr/include/ruby-3.4.0/ruby/backward -I/usr/include/ruby-3.4.0 -I. -I/home/th3mujd11/gitrepos/hack-the-art/vendor/bundle/ruby/3.4.0/gems/sqlite3-1.7.3/ports/x86_64-pc-linux-gnu/sqlite3/3.45.2/include    -march=x86-64 -mtune=generic -O2 -pipe -fno-plt -fexceptions         -Wp,-D_FORTIFY_SOURCE=2 -Wformat -Werror=format-security         -fstack-clash-protection -fcf-protection         -fno-omit-frame-pointer -mno-omit-leaf-frame-pointer -g -ffile-prefix-map=/build/ruby/src=/usr/src/debug/ruby -flto=auto -fPIC  -fvisibility=hidden conftest.c -L. -L/usr/lib -L. -Wl,-O1 -Wl,--sort-common -Wl,--as-needed -Wl,-z,relro -Wl,-z,now          -Wl,-z,pack-relative-relocs -flto=auto -fstack-protector-strong -rdynamic -Wl,-export-dynamic -Wl,--no-as-needed  -L/home/th3mujd11/gitrepos/hack-the-art/vendor/bundle/ruby/3.4.0/gems/sqlite3-1.7.3/ports/x86_64-pc-linux-gnu/sqlite3/3.45.2/lib -lsqlite3 -lz -lm    -lsqlite3  -lsqlite3 -lruby -lsqlite3  -lsqlite3 -lm -lpthread  -lc"
conftest.c: In function ‘t’:
conftest.c:14:57: error: ‘sqlite3_load_extension’ undeclared (first use in this function)
   14 | int t(void) { void ((*volatile p)()); p = (void ((*)()))sqlite3_load_extension; return !p; }
      |                                                         ^~~~~~~~~~~~~~~~~~~~~~
conftest.c:14:57: note: each undeclared identifier is reported only once for each function it appears in
checked program was:
/* begin */
 1: #include "ruby.h"
 2: 
 3: /*top*/
 4: extern int t(void);
 5: int main(int argc, char **argv)
 6: {
 7:   if (argc > 1000000) {
 8:     int (* volatile tp)(void)=(int (*)(void))&t;
 9:     printf("%d", (*tp)());
10:   }
11: 
12:   return !!argv[argc];
13: }
14: int t(void) { void ((*volatile p)()); p = (void ((*)()))sqlite3_load_extension; return !p; }
/* end */

LD_LIBRARY_PATH=.:/usr/lib ASAN_OPTIONS=detect_leaks=0 "gcc -o conftest -I/usr/include/ruby-3.4.0/x86_64-linux -I/usr/include/ruby-3.4.0/ruby/backward -I/usr/include/ruby-3.4.0 -I. -I/home/th3mujd11/gitrepos/hack-the-art/vendor/bundle/ruby/3.4.0/gems/sqlite3-1.7.3/ports/x86_64-pc-linux-gnu/sqlite3/3.45.2/include    -march=x86-64 -mtune=generic -O2 -pipe -fno-plt -fexceptions         -Wp,-D_FORTIFY_SOURCE=2 -Wformat -Werror=format-security         -fstack-clash-protection -fcf-protection         -fno-omit-frame-pointer -mno-omit-leaf-frame-pointer -g -ffile-prefix-map=/build/ruby/src=/usr/src/debug/ruby -flto=auto -fPIC  -fvisibility=hidden conftest.c -L. -L/usr/lib -L. -Wl,-O1 -Wl,--sort-common -Wl,--as-needed -Wl,-z,relro -Wl,-z,now          -Wl,-z,pack-relative-relocs -flto=auto -fstack-protector-strong -rdynamic -Wl,-export-dynamic -Wl,--no-as-needed  -L/home/th3mujd11/gitrepos/hack-the-art/vendor/bundle/ruby/3.4.0/gems/sqlite3-1.7.3/ports/x86_64-pc-linux-gnu/sqlite3/3.45.2/lib -lsqlite3 -lz -lm    -lsqlite3  -lsqlite3 -lruby -lsqlite3  -lsqlite3 -lm -lpthread  -lc"
checked program was:
/* begin */
 1: #include "ruby.h"
 2: 
 3: /*top*/
 4: extern int t(void);
 5: int main(int argc, char **argv)
 6: {
 7:   if (argc > 1000000) {
 8:     int (* volatile tp)(void)=(int (*)(void))&t;
 9:     printf("%d", (*tp)());
10:   }
11: 
12:   return !!argv[argc];
13: }
14: extern void sqlite3_load_extension();
15: int t(void) { sqlite3_load_extension(); return 0; }
/* end */

--------------------

have_func: checking for sqlite3_open_v2()... -------------------- yes

LD_LIBRARY_PATH=.:/usr/lib ASAN_OPTIONS=detect_leaks=0 "gcc -o conftest -I/usr/include/ruby-3.4.0/x86_64-linux -I/usr/include/ruby-3.4.0/ruby/backward -I/usr/include/ruby-3.4.0 -I. -I/home/th3mujd11/gitrepos/hack-the-art/vendor/bundle/ruby/3.4.0/gems/sqlite3-1.7.3/ports/x86_64-pc-linux-gnu/sqlite3/3.45.2/include    -march=x86-64 -mtune=generic -O2 -pipe -fno-plt -fexceptions         -Wp,-D_FORTIFY_SOURCE=2 -Wformat -Werror=format-security         -fstack-clash-protection -fcf-protection         -fno-omit-frame-pointer -mno-omit-leaf-frame-pointer -g -ffile-prefix-map=/build/ruby/src=/usr/src/debug/ruby -flto=auto -fPIC  -fvisibility=hidden conftest.c -L. -L/usr/lib -L. -Wl,-O1 -Wl,--sort-common -Wl,--as-needed -Wl,-z,relro -Wl,-z,now          -Wl,-z,pack-relative-relocs -flto=auto -fstack-protector-strong -rdynamic -Wl,-export-dynamic -Wl,--no-as-needed  -L/home/th3mujd11/gitrepos/hack-the-art/vendor/bundle/ruby/3.4.0/gems/sqlite3-1.7.3/ports/x86_64-pc-linux-gnu/sqlite3/3.45.2/lib -lsqlite3 -lz -lm    -lsqlite3  -lsqlite3 -lruby -lsqlite3  -lsqlite3 -lm -lpthread  -lc"
conftest.c: In function ‘t’:
conftest.c:14:57: error: ‘sqlite3_open_v2’ undeclared (first use in this function)
   14 | int t(void) { void ((*volatile p)()); p = (void ((*)()))sqlite3_open_v2; return !p; }
      |                                                         ^~~~~~~~~~~~~~~
conftest.c:14:57: note: each undeclared identifier is reported only once for each function it appears in
checked program was:
/* begin */
 1: #include "ruby.h"
 2: 
 3: /*top*/
 4: extern int t(void);
 5: int main(int argc, char **argv)
 6: {
 7:   if (argc > 1000000) {
 8:     int (* volatile tp)(void)=(int (*)(void))&t;
 9:     printf("%d", (*tp)());
10:   }
11: 
12:   return !!argv[argc];
13: }
14: int t(void) { void ((*volatile p)()); p = (void ((*)()))sqlite3_open_v2; return !p; }
/* end */

LD_LIBRARY_PATH=.:/usr/lib ASAN_OPTIONS=detect_leaks=0 "gcc -o conftest -I/usr/include/ruby-3.4.0/x86_64-linux -I/usr/include/ruby-3.4.0/ruby/backward -I/usr/include/ruby-3.4.0 -I. -I/home/th3mujd11/gitrepos/hack-the-art/vendor/bundle/ruby/3.4.0/gems/sqlite3-1.7.3/ports/x86_64-pc-linux-gnu/sqlite3/3.45.2/include    -march=x86-64 -mtune=generic -O2 -pipe -fno-plt -fexceptions         -Wp,-D_FORTIFY_SOURCE=2 -Wformat -Werror=format-security         -fstack-clash-protection -fcf-protection         -fno-omit-frame-pointer -mno-omit-leaf-frame-pointer -g -ffile-prefix-map=/build/ruby/src=/usr/src/debug/ruby -flto=auto -fPIC  -fvisibility=hidden conftest.c -L. -L/usr/lib -L. -Wl,-O1 -Wl,--sort-common -Wl,--as-needed -Wl,-z,relro -Wl,-z,now          -Wl,-z,pack-relative-relocs -flto=auto -fstack-protector-strong -rdynamic -Wl,-export-dynamic -Wl,--no-as-needed  -L/home/th3mujd11/gitrepos/hack-the-art/vendor/bundle/ruby/3.4.0/gems/sqlite3-1.7.3/ports/x86_64-pc-linux-gnu/sqlite3/3.45.2/lib -lsqlite3 -lz -lm    -lsqlite3  -lsqlite3 -lruby -lsqlite3  -lsqlite3 -lm -lpthread  -lc"
checked program was:
/* begin */
 1: #include "ruby.h"
 2: 
 3: /*top*/
 4: extern int t(void);
 5: int main(int argc, char **argv)
 6: {
 7:   if (argc > 1000000) {
 8:     int (* volatile tp)(void)=(int (*)(void))&t;
 9:     printf("%d", (*tp)());
10:   }
11: 
12:   return !!argv[argc];
13: }
14: extern void sqlite3_open_v2();
15: int t(void) { sqlite3_open_v2(); return 0; }
/* end */

--------------------

have_func: checking for sqlite3_prepare_v2()... -------------------- yes

LD_LIBRARY_PATH=.:/usr/lib ASAN_OPTIONS=detect_leaks=0 "gcc -o conftest -I/usr/include/ruby-3.4.0/x86_64-linux -I/usr/include/ruby-3.4.0/ruby/backward -I/usr/include/ruby-3.4.0 -I. -I/home/th3mujd11/gitrepos/hack-the-art/vendor/bundle/ruby/3.4.0/gems/sqlite3-1.7.3/ports/x86_64-pc-linux-gnu/sqlite3/3.45.2/include    -march=x86-64 -mtune=generic -O2 -pipe -fno-plt -fexceptions         -Wp,-D_FORTIFY_SOURCE=2 -Wformat -Werror=format-security         -fstack-clash-protection -fcf-protection         -fno-omit-frame-pointer -mno-omit-leaf-frame-pointer -g -ffile-prefix-map=/build/ruby/src=/usr/src/debug/ruby -flto=auto -fPIC  -fvisibility=hidden conftest.c -L. -L/usr/lib -L. -Wl,-O1 -Wl,--sort-common -Wl,--as-needed -Wl,-z,relro -Wl,-z,now          -Wl,-z,pack-relative-relocs -flto=auto -fstack-protector-strong -rdynamic -Wl,-export-dynamic -Wl,--no-as-needed  -L/home/th3mujd11/gitrepos/hack-the-art/vendor/bundle/ruby/3.4.0/gems/sqlite3-1.7.3/ports/x86_64-pc-linux-gnu/sqlite3/3.45.2/lib -lsqlite3 -lz -lm    -lsqlite3  -lsqlite3 -lruby -lsqlite3  -lsqlite3 -lm -lpthread  -lc"
conftest.c: In function ‘t’:
conftest.c:14:57: error: ‘sqlite3_prepare_v2’ undeclared (first use in this function)
   14 | int t(void) { void ((*volatile p)()); p = (void ((*)()))sqlite3_prepare_v2; return !p; }
      |                                                         ^~~~~~~~~~~~~~~~~~
conftest.c:14:57: note: each undeclared identifier is reported only once for each function it appears in
checked program was:
/* begin */
 1: #include "ruby.h"
 2: 
 3: /*top*/
 4: extern int t(void);
 5: int main(int argc, char **argv)
 6: {
 7:   if (argc > 1000000) {
 8:     int (* volatile tp)(void)=(int (*)(void))&t;
 9:     printf("%d", (*tp)());
10:   }
11: 
12:   return !!argv[argc];
13: }
14: int t(void) { void ((*volatile p)()); p = (void ((*)()))sqlite3_prepare_v2; return !p; }
/* end */

LD_LIBRARY_PATH=.:/usr/lib ASAN_OPTIONS=detect_leaks=0 "gcc -o conftest -I/usr/include/ruby-3.4.0/x86_64-linux -I/usr/include/ruby-3.4.0/ruby/backward -I/usr/include/ruby-3.4.0 -I. -I/home/th3mujd11/gitrepos/hack-the-art/vendor/bundle/ruby/3.4.0/gems/sqlite3-1.7.3/ports/x86_64-pc-linux-gnu/sqlite3/3.45.2/include    -march=x86-64 -mtune=generic -O2 -pipe -fno-plt -fexceptions         -Wp,-D_FORTIFY_SOURCE=2 -Wformat -Werror=format-security         -fstack-clash-protection -fcf-protection         -fno-omit-frame-pointer -mno-omit-leaf-frame-pointer -g -ffile-prefix-map=/build/ruby/src=/usr/src/debug/ruby -flto=auto -fPIC  -fvisibility=hidden conftest.c -L. -L/usr/lib -L. -Wl,-O1 -Wl,--sort-common -Wl,--as-needed -Wl,-z,relro -Wl,-z,now          -Wl,-z,pack-relative-relocs -flto=auto -fstack-protector-strong -rdynamic -Wl,-export-dynamic -Wl,--no-as-needed  -L/home/th3mujd11/gitrepos/hack-the-art/vendor/bundle/ruby/3.4.0/gems/sqlite3-1.7.3/ports/x86_64-pc-linux-gnu/sqlite3/3.45.2/lib -lsqlite3 -lz -lm    -lsqlite3  -lsqlite3 -lruby -lsqlite3  -lsqlite3 -lm -lpthread  -lc"
checked program was:
/* begin */
 1: #include "ruby.h"
 2: 
 3: /*top*/
 4: extern int t(void);
 5: int main(int argc, char **argv)
 6: {
 7:   if (argc > 1000000) {
 8:     int (* volatile tp)(void)=(int (*)(void))&t;
 9:     printf("%d", (*tp)());
10:   }
11: 
12:   return !!argv[argc];
13: }
14: extern void sqlite3_prepare_v2();
15: int t(void) { sqlite3_prepare_v2(); return 0; }
/* end */

--------------------

have_type: checking for sqlite3_int64 in sqlite3.h... -------------------- yes

LD_LIBRARY_PATH=.:/usr/lib ASAN_OPTIONS=detect_leaks=0 "gcc -I/usr/include/ruby-3.4.0/x86_64-linux -I/usr/include/ruby-3.4.0/ruby/backward -I/usr/include/ruby-3.4.0 -I. -I/home/th3mujd11/gitrepos/hack-the-art/vendor/bundle/ruby/3.4.0/gems/sqlite3-1.7.3/ports/x86_64-pc-linux-gnu/sqlite3/3.45.2/include    -march=x86-64 -mtune=generic -O2 -pipe -fno-plt -fexceptions         -Wp,-D_FORTIFY_SOURCE=2 -Wformat -Werror=format-security         -fstack-clash-protection -fcf-protection         -fno-omit-frame-pointer -mno-omit-leaf-frame-pointer -g -ffile-prefix-map=/build/ruby/src=/usr/src/debug/ruby -flto=auto -fPIC  -fvisibility=hidden   -c conftest.c"
checked program was:
/* begin */
1: #include "ruby.h"
2: 
3: #include <sqlite3.h>
4: 
5: /*top*/
6: typedef sqlite3_int64 conftest_type;
7: int conftestval[sizeof(conftest_type)?1:-1];
/* end */

--------------------

have_type: checking for sqlite3_uint64 in sqlite3.h... -------------------- yes

LD_LIBRARY_PATH=.:/usr/lib ASAN_OPTIONS=detect_leaks=0 "gcc -I/usr/include/ruby-3.4.0/x86_64-linux -I/usr/include/ruby-3.4.0/ruby/backward -I/usr/include/ruby-3.4.0 -I. -I/home/th3mujd11/gitrepos/hack-the-art/vendor/bundle/ruby/3.4.0/gems/sqlite3-1.7.3/ports/x86_64-pc-linux-gnu/sqlite3/3.45.2/include    -march=x86-64 -mtune=generic -O2 -pipe -fno-plt -fexceptions         -Wp,-D_FORTIFY_SOURCE=2 -Wformat -Werror=format-security         -fstack-clash-protection -fcf-protection         -fno-omit-frame-pointer -mno-omit-leaf-frame-pointer -g -ffile-prefix-map=/build/ruby/src=/usr/src/debug/ruby -flto=auto -fPIC  -fvisibility=hidden   -c conftest.c"
checked program was:
/* begin */
1: #include "ruby.h"
2: 
3: #include <sqlite3.h>
4: 
5: /*top*/
6: typedef sqlite3_uint64 conftest_type;
7: int conftestval[sizeof(conftest_type)?1:-1];
/* end */

--------------------

